<?xml version="1.0" encoding="UTF-8"?>
<!-- Generated by org.testng.reporters.JUnitReportReporter -->
<testsuite skipped="0" hostname="DESKTOP-NE9A19H" name="com.facebooklogin.testCases.TC_logintest_001" tests="1" failures="0" timestamp="26 Apr 2020 16:30:58 GMT" time="1.542" errors="0">
  <testcase name="loginTest" time="1.542" classname="com.facebooklogin.testCases.TC_logintest_001"/>
</testsuite> <!-- com.facebooklogin.testCases.TC_logintest_001 -->
