<?xml version="1.0" encoding="UTF-8"?>
<!-- Generated by org.testng.reporters.JUnitReportReporter -->
<testsuite skipped="0" hostname="DESKTOP-NE9A19H" name="com.facebooklogin.testCases.TC_logintest_001" tests="1" failures="0" timestamp="27 Apr 2020 09:51:07 GMT" time="32.009" errors="0">
  <testcase name="loginTest" time="32.009" classname="com.facebooklogin.testCases.TC_logintest_001"/>
</testsuite> <!-- com.facebooklogin.testCases.TC_logintest_001 -->
